
2022/09/28 (12:51:35) | ===> btop++ v.1.2.9
2022/09/28 (12:51:35) | ERROR: Invalid RGB decimal value: "ba1a84"
2022/09/28 (12:52:50) | ERROR: Invalid RGB decimal value: "ba1a84"
2022/09/28 (12:52:53) | ERROR: Invalid RGB decimal value: "ba1a84"

2024/01/30 (12:52:34) | ===> btop++ v.1.3.0
2024/01/30 (12:52:34) | WARNING: NVML: Failed to get maximum GPU power draw, defaulting to 225W: Not Supported
2024/01/30 (12:52:34) | WARNING: NVML: Failed to get GPU power usage: Not Supported

2024/02/13 (12:46:53) | ===> btop++ v.1.3.2
2024/02/13 (12:46:53) | WARNING: NVML: Failed to get maximum GPU power draw, defaulting to 225W: Not Supported
2024/02/13 (12:46:53) | WARNING: NVML: Failed to get GPU power usage: Not Supported

2024/02/14 (14:08:42) | ===> btop++ v.1.3.2
2024/02/14 (14:08:42) | WARNING: NVML: Failed to get maximum GPU power draw, defaulting to 225W: Not Supported
2024/02/14 (14:08:42) | WARNING: NVML: Failed to get GPU power usage: Not Supported

2024/02/16 (15:55:22) | ===> btop++ v.1.3.2
2024/02/16 (15:55:22) | WARNING: NVML: Failed to get maximum GPU power draw, defaulting to 225W: Not Supported
2024/02/16 (15:55:22) | WARNING: NVML: Failed to get GPU power usage: Not Supported

2024/02/16 (15:56:21) | ===> btop++ v.1.3.2
2024/02/16 (15:56:21) | WARNING: NVML: Failed to get maximum GPU power draw, defaulting to 225W: Not Supported
2024/02/16 (15:56:21) | WARNING: NVML: Failed to get GPU power usage: Not Supported

2024/02/16 (16:02:49) | ===> btop++ v.1.3.2
2024/02/16 (16:02:49) | WARNING: NVML: Failed to get maximum GPU power draw, defaulting to 225W: Not Supported
2024/02/16 (16:02:49) | WARNING: NVML: Failed to get GPU power usage: Not Supported

2024/02/16 (16:03:11) | ===> btop++ v.1.3.2
2024/02/16 (16:03:11) | WARNING: NVML: Failed to get maximum GPU power draw, defaulting to 225W: Not Supported
2024/02/16 (16:03:11) | WARNING: NVML: Failed to get GPU power usage: Not Supported
2024/02/16 (16:53:16) | ERROR: Couldn't determine terminal size of "STDOUT_FILENO"!
2024/02/16 (16:53:16) | ERROR: Couldn't determine terminal size of "/dev/tty"!

2024/02/17 (21:06:09) | ===> btop++ v.1.3.2
2024/02/17 (21:06:09) | WARNING: NVML: Failed to get maximum GPU power draw, defaulting to 225W: Not Supported
2024/02/17 (21:06:09) | WARNING: NVML: Failed to get GPU power usage: Not Supported

2024/02/18 (16:44:53) | ===> btop++ v.1.3.2
2024/02/18 (16:44:53) | WARNING: NVML: Failed to get maximum GPU power draw, defaulting to 225W: Not Supported
2024/02/18 (16:44:53) | WARNING: NVML: Failed to get GPU power usage: Not Supported

2024/02/21 (11:09:21) | ===> btop++ v.1.3.2
2024/02/21 (11:09:21) | WARNING: NVML: Failed to get maximum GPU power draw, defaulting to 225W: Not Supported
2024/02/21 (11:09:21) | WARNING: NVML: Failed to get GPU power usage: Not Supported

2024/03/03 (19:28:40) | ===> btop++ v.1.3.2
2024/03/03 (19:28:40) | WARNING: NVML: Failed to get maximum GPU power draw, defaulting to 225W: Not Supported
2024/03/03 (19:28:40) | WARNING: NVML: Failed to get GPU power usage: Not Supported

2024/03/03 (19:30:47) | ===> btop++ v.1.3.2
2024/03/03 (19:30:47) | WARNING: NVML: Failed to get maximum GPU power draw, defaulting to 225W: Not Supported
2024/03/03 (19:30:47) | WARNING: NVML: Failed to get GPU power usage: Not Supported

2024/03/04 (00:02:57) | ===> btop++ v.1.3.2
2024/03/04 (00:02:57) | WARNING: NVML: Failed to get maximum GPU power draw, defaulting to 225W: Not Supported
2024/03/04 (00:02:57) | WARNING: NVML: Failed to get GPU power usage: Not Supported

2024/03/22 (22:42:34) | ===> btop++ v.1.3.2
2024/03/22 (22:42:34) | WARNING: NVML: Failed to get maximum GPU power draw, defaulting to 225W: Not Supported
2024/03/22 (22:42:34) | WARNING: NVML: Failed to get GPU power usage: Not Supported

2024/03/22 (22:44:50) | ===> btop++ v.1.3.2
2024/03/22 (22:44:50) | WARNING: NVML: Failed to get maximum GPU power draw, defaulting to 225W: Not Supported
2024/03/22 (22:44:50) | WARNING: NVML: Failed to get GPU power usage: Not Supported

2024/03/22 (22:45:29) | ===> btop++ v.1.3.2
2024/03/22 (22:45:29) | WARNING: NVML: Failed to get maximum GPU power draw, defaulting to 225W: Not Supported
2024/03/22 (22:45:29) | WARNING: NVML: Failed to get GPU power usage: Not Supported

2024/03/24 (00:18:10) | ===> btop++ v.1.3.2
2024/03/24 (00:18:10) | WARNING: NVML: Failed to get maximum GPU power draw, defaulting to 225W: Not Supported
2024/03/24 (00:18:10) | WARNING: NVML: Failed to get GPU power usage: Not Supported

2024/03/30 (22:25:44) | ===> btop++ v.1.3.2
2024/03/30 (22:25:44) | WARNING: NVML: Failed to get maximum GPU power draw, defaulting to 225W: Not Supported
2024/03/30 (22:25:44) | WARNING: NVML: Failed to get GPU power usage: Not Supported

2024/04/05 (16:00:24) | ===> btop++ v.1.3.2
2024/04/05 (16:00:24) | WARNING: NVML: Failed to get maximum GPU power draw, defaulting to 225W: Not Supported
2024/04/05 (16:00:24) | WARNING: NVML: Failed to get GPU power usage: Not Supported

2024/04/09 (12:50:34) | ===> btop++ v.1.3.2
2024/04/09 (12:50:34) | WARNING: NVML: Failed to get maximum GPU power draw, defaulting to 225W: Not Supported
2024/04/09 (12:50:34) | WARNING: NVML: Failed to get GPU power usage: Not Supported

2024/04/09 (15:04:22) | ===> btop++ v.1.3.2
2024/04/09 (15:04:22) | WARNING: NVML: Failed to get maximum GPU power draw, defaulting to 225W: Not Supported
2024/04/09 (15:04:22) | WARNING: NVML: Failed to get GPU power usage: Not Supported

2024/04/14 (15:09:11) | ===> btop++ v.1.3.2
2024/04/14 (15:09:11) | WARNING: NVML: Failed to get maximum GPU power draw, defaulting to 225W: Not Supported
2024/04/14 (15:09:11) | WARNING: NVML: Failed to get GPU power usage: Not Supported

2024/05/29 (14:31:50) | ===> btop++ v.1.3.2
2024/05/29 (14:31:50) | WARNING: NVML: Failed to get maximum GPU power draw, defaulting to 225W: Not Supported
2024/05/29 (14:31:50) | WARNING: NVML: Failed to get GPU power usage: Not Supported

2024/06/15 (02:46:55) | ===> btop++ v.1.3.2
2024/06/15 (02:46:55) | WARNING: NVML: Failed to get maximum GPU power draw, defaulting to 225W: Not Supported
2024/06/15 (02:46:55) | WARNING: NVML: Failed to get GPU power usage: Not Supported

2024/06/16 (15:21:54) | ===> btop++ v.1.3.2
2024/06/16 (15:21:54) | WARNING: NVML: Failed to get maximum GPU power draw, defaulting to 225W: Not Supported
2024/06/16 (15:21:54) | WARNING: NVML: Failed to get GPU power usage: Not Supported

2024/06/16 (17:26:54) | ===> btop++ v.1.3.2
2024/06/16 (17:26:54) | WARNING: NVML: Failed to get maximum GPU power draw, defaulting to 225W: Not Supported
2024/06/16 (17:26:54) | WARNING: NVML: Failed to get GPU power usage: Not Supported

2024/06/27 (02:32:16) | ===> btop++ v.1.3.2
2024/06/27 (02:32:16) | ERROR: Stall in Runner thread, restarting!

2024/08/14 (17:15:56) | ===> btop++ v.1.3.2
2024/08/14 (17:15:56) | WARNING: NVML: Failed to get maximum GPU power draw, defaulting to 225W: Not Supported
2024/08/14 (17:15:56) | WARNING: NVML: Failed to get GPU power usage: Not Supported

2024/08/29 (12:48:16) | ===> btop++ v.1.3.2
2024/08/29 (12:48:16) | WARNING: NVML: Failed to get maximum GPU power draw, defaulting to 225W: Not Supported
2024/08/29 (12:48:16) | WARNING: NVML: Failed to get GPU power usage: Not Supported

2024/09/02 (11:33:23) | ===> btop++ v.1.3.2
2024/09/02 (11:33:23) | WARNING: NVML: Failed to get maximum GPU power draw, defaulting to 225W: Not Supported
2024/09/02 (11:33:23) | WARNING: NVML: Failed to get GPU power usage: Not Supported

2024/09/02 (12:44:10) | ===> btop++ v.1.3.2
2024/09/02 (12:44:10) | WARNING: NVML: Failed to get maximum GPU power draw, defaulting to 225W: Not Supported
2024/09/02 (12:44:10) | WARNING: NVML: Failed to get GPU power usage: Not Supported

2024/09/02 (12:44:14) | ===> btop++ v.1.3.2
2024/09/02 (12:44:14) | WARNING: NVML: Failed to get maximum GPU power draw, defaulting to 225W: Not Supported
2024/09/02 (12:44:14) | WARNING: NVML: Failed to get GPU power usage: Not Supported

2024/09/03 (13:09:08) | ===> btop++ v.1.3.2
2024/09/03 (13:09:08) | WARNING: NVML: Failed to get maximum GPU power draw, defaulting to 225W: Not Supported
2024/09/03 (13:09:08) | WARNING: NVML: Failed to get GPU power usage: Not Supported

2024/09/03 (14:44:39) | ===> btop++ v.1.3.2
2024/09/03 (14:44:39) | WARNING: NVML: Failed to get maximum GPU power draw, defaulting to 225W: Not Supported
2024/09/03 (14:44:39) | WARNING: NVML: Failed to get GPU power usage: Not Supported

2024/09/03 (15:22:10) | ===> btop++ v.1.3.2
2024/09/03 (15:22:10) | WARNING: NVML: Failed to get maximum GPU power draw, defaulting to 225W: Not Supported
2024/09/03 (15:22:10) | WARNING: NVML: Failed to get GPU power usage: Not Supported

2024/09/03 (15:24:34) | ===> btop++ v.1.3.2
2024/09/03 (15:24:34) | WARNING: NVML: Failed to get maximum GPU power draw, defaulting to 225W: Not Supported
2024/09/03 (15:24:34) | WARNING: NVML: Failed to get GPU power usage: Not Supported

2024/09/03 (15:37:24) | ===> btop++ v.1.3.2
2024/09/03 (15:37:24) | WARNING: NVML: Failed to get maximum GPU power draw, defaulting to 225W: Not Supported
2024/09/03 (15:37:24) | WARNING: NVML: Failed to get GPU power usage: Not Supported

2024/09/03 (15:40:20) | ===> btop++ v.1.3.2
2024/09/03 (15:40:20) | WARNING: NVML: Failed to get maximum GPU power draw, defaulting to 225W: Not Supported
2024/09/03 (15:40:20) | WARNING: NVML: Failed to get GPU power usage: Not Supported

2024/09/04 (10:35:49) | ===> btop++ v.1.3.2
2024/09/04 (10:35:49) | WARNING: NVML: Failed to get maximum GPU power draw, defaulting to 225W: Not Supported
2024/09/04 (10:35:49) | WARNING: NVML: Failed to get GPU power usage: Not Supported

2024/09/09 (09:29:50) | ===> btop++ v.1.3.2
2024/09/09 (09:29:50) | WARNING: NVML: Failed to get maximum GPU power draw, defaulting to 225W: Not Supported
2024/09/09 (09:29:50) | WARNING: NVML: Failed to get GPU power usage: Not Supported

2024/09/09 (09:56:39) | ===> btop++ v.1.3.2
2024/09/09 (09:56:39) | WARNING: NVML: Failed to get maximum GPU power draw, defaulting to 225W: Not Supported
2024/09/09 (09:56:39) | WARNING: NVML: Failed to get GPU power usage: Not Supported

2024/09/09 (09:56:55) | ===> btop++ v.1.3.2
2024/09/09 (09:56:55) | WARNING: NVML: Failed to get maximum GPU power draw, defaulting to 225W: Not Supported
2024/09/09 (09:56:55) | WARNING: NVML: Failed to get GPU power usage: Not Supported

2024/09/09 (14:50:03) | ===> btop++ v.1.3.2
2024/09/09 (14:50:03) | WARNING: NVML: Failed to get maximum GPU power draw, defaulting to 225W: Not Supported
2024/09/09 (14:50:03) | WARNING: NVML: Failed to get GPU power usage: Not Supported

2024/09/09 (15:18:35) | ===> btop++ v.1.3.2
2024/09/09 (15:18:35) | WARNING: NVML: Failed to get maximum GPU power draw, defaulting to 225W: Not Supported
2024/09/09 (15:18:35) | WARNING: NVML: Failed to get GPU power usage: Not Supported

2024/09/09 (18:22:48) | ===> btop++ v.1.3.2
2024/09/09 (18:22:48) | WARNING: NVML: Failed to get maximum GPU power draw, defaulting to 225W: Not Supported
2024/09/09 (18:22:48) | WARNING: NVML: Failed to get GPU power usage: Not Supported

2024/09/10 (11:55:42) | ===> btop++ v.1.3.2
2024/09/10 (11:55:42) | WARNING: NVML: Failed to get maximum GPU power draw, defaulting to 225W: Not Supported
2024/09/10 (11:55:42) | WARNING: NVML: Failed to get GPU power usage: Not Supported

2024/09/10 (17:09:15) | ===> btop++ v.1.3.2
2024/09/10 (17:09:15) | WARNING: NVML: Failed to get maximum GPU power draw, defaulting to 225W: Not Supported
2024/09/10 (17:09:15) | WARNING: NVML: Failed to get GPU power usage: Not Supported

2024/09/11 (12:45:13) | ===> btop++ v.1.3.2
2024/09/11 (12:45:13) | WARNING: NVML: Failed to get maximum GPU power draw, defaulting to 225W: Not Supported
2024/09/11 (12:45:13) | WARNING: NVML: Failed to get GPU power usage: Not Supported

2024/09/12 (15:18:59) | ===> btop++ v.1.3.2
2024/09/12 (15:18:59) | WARNING: NVML: Failed to get maximum GPU power draw, defaulting to 225W: Not Supported
2024/09/12 (15:18:59) | WARNING: NVML: Failed to get GPU power usage: Not Supported

2024/09/12 (16:37:09) | ===> btop++ v.1.3.2
2024/09/12 (16:37:09) | WARNING: NVML: Failed to get maximum GPU power draw, defaulting to 225W: Not Supported
2024/09/12 (16:37:09) | WARNING: NVML: Failed to get GPU power usage: Not Supported

2024/09/13 (14:49:27) | ===> btop++ v.1.3.2
2024/09/13 (14:49:27) | WARNING: NVML: Failed to get maximum GPU power draw, defaulting to 225W: Not Supported
2024/09/13 (14:49:27) | WARNING: NVML: Failed to get GPU power usage: Not Supported
2024/09/13 (15:31:37) | ERROR: Couldn't determine terminal size of "STDOUT_FILENO"!
2024/09/13 (15:31:37) | ERROR: Couldn't determine terminal size of "/dev/tty"!

2024/09/13 (15:52:12) | ===> btop++ v.1.3.2
2024/09/13 (15:52:12) | WARNING: NVML: Failed to get maximum GPU power draw, defaulting to 225W: Not Supported
2024/09/13 (15:52:12) | WARNING: NVML: Failed to get GPU power usage: Not Supported

2024/09/15 (16:05:36) | ===> btop++ v.1.3.2
2024/09/15 (16:05:36) | WARNING: NVML: Failed to get maximum GPU power draw, defaulting to 225W: Not Supported
2024/09/15 (16:05:36) | WARNING: NVML: Failed to get GPU power usage: Not Supported

2024/09/16 (14:51:12) | ===> btop++ v.1.3.2
2024/09/16 (14:51:12) | WARNING: NVML: Failed to get maximum GPU power draw, defaulting to 225W: Not Supported
2024/09/16 (14:51:12) | WARNING: NVML: Failed to get GPU power usage: Not Supported

2024/09/16 (21:29:22) | ===> btop++ v.1.3.2
2024/09/16 (21:29:22) | WARNING: NVML: Failed to get maximum GPU power draw, defaulting to 225W: Not Supported
2024/09/16 (21:29:22) | WARNING: NVML: Failed to get GPU power usage: Not Supported

2024/09/19 (11:12:31) | ===> btop++ v.1.3.2
2024/09/19 (11:12:31) | WARNING: NVML: Failed to get maximum GPU power draw, defaulting to 225W: Not Supported
2024/09/19 (11:12:31) | WARNING: NVML: Failed to get GPU power usage: Not Supported

2024/09/23 (11:02:35) | ===> btop++ v.1.3.2
2024/09/23 (11:02:35) | WARNING: NVML: Failed to get maximum GPU power draw, defaulting to 225W: Not Supported
2024/09/23 (11:02:35) | WARNING: NVML: Failed to get GPU power usage: Not Supported

2024/09/25 (12:20:30) | ===> btop++ v.1.4.0
2024/09/25 (12:20:30) | WARNING: NVML: Failed to get maximum GPU power draw, defaulting to 225W: Not Supported
2024/09/25 (12:20:30) | WARNING: NVML: Failed to get GPU power usage: Not Supported
2024/09/25 (12:20:31) | WARNING: Intel GPU: Failed to initialize PMU

2024/09/25 (12:24:02) | ===> btop++ v.1.4.0
2024/09/25 (12:24:02) | WARNING: NVML: Failed to get maximum GPU power draw, defaulting to 225W: Not Supported
2024/09/25 (12:24:02) | WARNING: NVML: Failed to get GPU power usage: Not Supported
2024/09/25 (12:24:02) | WARNING: Intel GPU: Failed to initialize PMU

2024/09/25 (12:24:54) | ===> btop++ v.1.4.0
2024/09/25 (12:24:54) | WARNING: NVML: Failed to get maximum GPU power draw, defaulting to 225W: Not Supported
2024/09/25 (12:24:54) | WARNING: NVML: Failed to get GPU power usage: Not Supported
2024/09/25 (12:24:54) | WARNING: Intel GPU: Failed to initialize PMU

2024/09/25 (18:07:57) | ===> btop++ v.1.4.0
2024/09/25 (18:07:57) | WARNING: NVML: Failed to get maximum GPU power draw, defaulting to 225W: Not Supported
2024/09/25 (18:07:57) | WARNING: NVML: Failed to get GPU power usage: Not Supported
2024/09/25 (18:07:57) | WARNING: Intel GPU: Failed to initialize PMU

2024/09/26 (12:51:34) | ===> btop++ v.1.4.0
2024/09/26 (12:51:34) | WARNING: NVML: Failed to get maximum GPU power draw, defaulting to 225W: Not Supported
2024/09/26 (12:51:34) | WARNING: NVML: Failed to get GPU power usage: Not Supported
2024/09/26 (12:51:34) | WARNING: Intel GPU: Failed to initialize PMU

2024/09/26 (17:55:05) | ===> btop++ v.1.4.0
2024/09/26 (17:55:05) | WARNING: NVML: Failed to get maximum GPU power draw, defaulting to 225W: Not Supported
2024/09/26 (17:55:05) | WARNING: NVML: Failed to get GPU power usage: Not Supported
2024/09/26 (17:55:05) | WARNING: Intel GPU: Failed to initialize PMU

2024/09/26 (17:55:11) | ===> btop++ v.1.4.0
2024/09/26 (17:55:11) | WARNING: NVML: Failed to get maximum GPU power draw, defaulting to 225W: Not Supported
2024/09/26 (17:55:11) | WARNING: NVML: Failed to get GPU power usage: Not Supported
2024/09/26 (17:55:11) | WARNING: Intel GPU: Failed to initialize PMU

2024/09/30 (13:22:18) | ===> btop++ v.1.4.0
2024/09/30 (13:22:18) | WARNING: NVML: Failed to get maximum GPU power draw, defaulting to 225W: Not Supported
2024/09/30 (13:22:18) | WARNING: NVML: Failed to get GPU power usage: Not Supported
2024/09/30 (13:22:18) | WARNING: Intel GPU: Failed to initialize PMU

2024/10/02 (17:33:43) | ===> btop++ v.1.4.0
2024/10/02 (17:33:43) | WARNING: NVML: Failed to get maximum GPU power draw, defaulting to 225W: Not Supported
2024/10/02 (17:33:43) | WARNING: NVML: Failed to get GPU power usage: Not Supported
2024/10/02 (17:33:43) | WARNING: Intel GPU: Failed to initialize PMU

2024/10/02 (17:33:50) | ===> btop++ v.1.4.0
2024/10/02 (17:33:50) | WARNING: NVML: Failed to get maximum GPU power draw, defaulting to 225W: Not Supported
2024/10/02 (17:33:50) | WARNING: NVML: Failed to get GPU power usage: Not Supported
2024/10/02 (17:33:50) | WARNING: Intel GPU: Failed to initialize PMU

2024/10/02 (17:52:39) | ===> btop++ v.1.4.0
2024/10/02 (17:52:39) | WARNING: NVML: Failed to get maximum GPU power draw, defaulting to 225W: Not Supported
2024/10/02 (17:52:39) | WARNING: NVML: Failed to get GPU power usage: Not Supported
2024/10/02 (17:52:39) | WARNING: Intel GPU: Failed to initialize PMU

2024/10/04 (11:37:21) | ===> btop++ v.1.4.0
2024/10/04 (11:37:21) | WARNING: NVML: Failed to get maximum GPU power draw, defaulting to 225W: Not Supported
2024/10/04 (11:37:21) | WARNING: NVML: Failed to get GPU power usage: Not Supported
2024/10/04 (11:37:21) | WARNING: Intel GPU: Failed to initialize PMU

2024/10/04 (11:37:28) | ===> btop++ v.1.4.0
2024/10/04 (11:37:28) | WARNING: NVML: Failed to get maximum GPU power draw, defaulting to 225W: Not Supported
2024/10/04 (11:37:28) | WARNING: NVML: Failed to get GPU power usage: Not Supported
2024/10/04 (11:37:28) | WARNING: Intel GPU: Failed to initialize PMU

2024/10/04 (14:07:42) | ===> btop++ v.1.4.0
2024/10/04 (14:07:42) | WARNING: Intel GPU: Failed to initialize PMU

2024/10/04 (14:08:13) | ===> btop++ v.1.4.0
2024/10/04 (14:08:13) | WARNING: Intel GPU: Failed to initialize PMU

2024/10/04 (14:08:33) | ===> btop++ v.1.4.0
2024/10/04 (14:08:33) | WARNING: Intel GPU: Failed to initialize PMU

2024/10/04 (14:11:39) | ===> btop++ v.1.4.0
2024/10/04 (14:11:39) | WARNING: Intel GPU: Failed to initialize PMU

2024/10/04 (14:11:43) | ===> btop++ v.1.4.0
2024/10/04 (14:11:43) | WARNING: Intel GPU: Failed to initialize PMU

2024/10/04 (14:43:31) | ===> btop++ v.1.4.0
2024/10/04 (14:43:31) | WARNING: NVML: Failed to get maximum GPU power draw, defaulting to 225W: Not Supported
2024/10/04 (14:43:31) | WARNING: NVML: Failed to get GPU power usage: Not Supported
2024/10/04 (14:43:31) | WARNING: Intel GPU: Failed to initialize PMU

2024/10/04 (16:47:55) | ===> btop++ v.1.4.0
2024/10/04 (16:47:55) | WARNING: NVML: Failed to get maximum GPU power draw, defaulting to 225W: Not Supported
2024/10/04 (16:47:55) | WARNING: NVML: Failed to get GPU power usage: Not Supported
2024/10/04 (16:47:55) | WARNING: Intel GPU: Failed to initialize PMU

2024/10/05 (15:39:37) | ===> btop++ v.1.4.0
2024/10/05 (15:39:37) | WARNING: Intel GPU: Failed to initialize PMU

2024/10/08 (15:00:44) | ===> btop++ v.1.4.0
2024/10/08 (15:00:44) | WARNING: Intel GPU: Failed to initialize PMU

2024/10/09 (17:49:55) | ===> btop++ v.1.4.0
2024/10/09 (17:49:55) | WARNING: Intel GPU: Failed to initialize PMU

2024/10/10 (16:52:46) | ===> btop++ v.1.4.0
2024/10/10 (16:52:46) | WARNING: Intel GPU: Failed to initialize PMU

2024/10/10 (16:53:02) | ===> btop++ v.1.4.0
2024/10/10 (16:53:02) | WARNING: Intel GPU: Failed to initialize PMU

2024/10/12 (17:11:37) | ===> btop++ v.1.4.0
2024/10/12 (17:11:37) | WARNING: Intel GPU: Failed to initialize PMU

2024/10/12 (17:13:53) | ===> btop++ v.1.4.0
2024/10/12 (17:13:53) | WARNING: Intel GPU: Failed to initialize PMU

2024/10/12 (17:15:03) | ===> btop++ v.1.4.0
2024/10/12 (17:15:03) | WARNING: Intel GPU: Failed to initialize PMU

2024/10/14 (14:43:03) | ===> btop++ v.1.4.0
2024/10/14 (14:43:03) | WARNING: Intel GPU: Failed to initialize PMU

2024/10/15 (12:44:05) | ===> btop++ v.1.4.0
2024/10/15 (12:44:05) | WARNING: Intel GPU: Failed to initialize PMU

2024/10/15 (14:07:14) | ===> btop++ v.1.4.0
2024/10/15 (14:07:14) | WARNING: Intel GPU: Failed to initialize PMU

2024/10/17 (10:12:34) | ===> btop++ v.1.4.0
2024/10/17 (10:12:34) | WARNING: NVML: Failed to get maximum GPU power draw, defaulting to 225W: Not Supported
2024/10/17 (10:12:34) | WARNING: NVML: Failed to get GPU power usage: Not Supported
2024/10/17 (10:12:34) | WARNING: Intel GPU: Failed to initialize PMU

2024/10/18 (10:36:58) | ===> btop++ v.1.4.0
2024/10/18 (10:36:58) | WARNING: NVML: Failed to get maximum GPU power draw, defaulting to 225W: Not Supported
2024/10/18 (10:36:58) | WARNING: NVML: Failed to get GPU power usage: Not Supported
2024/10/18 (10:36:58) | WARNING: Intel GPU: Failed to initialize PMU

2024/10/20 (13:45:12) | ===> btop++ v.1.4.0
2024/10/20 (13:45:12) | WARNING: NVML: Failed to get maximum GPU power draw, defaulting to 225W: Not Supported
2024/10/20 (13:45:12) | WARNING: NVML: Failed to get GPU power usage: Not Supported
2024/10/20 (13:45:12) | WARNING: Intel GPU: Failed to initialize PMU

2024/10/22 (12:03:19) | ===> btop++ v.1.4.0
2024/10/22 (12:03:19) | WARNING: NVML: Failed to get maximum GPU power draw, defaulting to 225W: Not Supported
2024/10/22 (12:03:19) | WARNING: NVML: Failed to get GPU power usage: Not Supported
2024/10/22 (12:03:19) | WARNING: Intel GPU: Failed to initialize PMU

2024/10/22 (12:16:43) | ===> btop++ v.1.4.0
2024/10/22 (12:16:43) | WARNING: NVML: Failed to get maximum GPU power draw, defaulting to 225W: Not Supported
2024/10/22 (12:16:43) | WARNING: NVML: Failed to get GPU power usage: Not Supported
2024/10/22 (12:16:43) | WARNING: Intel GPU: Failed to initialize PMU

2024/10/24 (10:49:32) | ===> btop++ v.1.4.0
2024/10/24 (10:49:32) | WARNING: NVML: Failed to get maximum GPU power draw, defaulting to 225W: Not Supported
2024/10/24 (10:49:32) | WARNING: NVML: Failed to get GPU power usage: Not Supported
2024/10/24 (10:49:32) | WARNING: Intel GPU: Failed to initialize PMU

2024/10/25 (18:21:53) | ===> btop++ v.1.4.0
2024/10/25 (18:21:53) | WARNING: NVML: Failed to get maximum GPU power draw, defaulting to 225W: Not Supported
2024/10/25 (18:21:53) | WARNING: NVML: Failed to get GPU power usage: Not Supported
2024/10/25 (18:21:53) | WARNING: Intel GPU: Failed to initialize PMU

2024/10/27 (14:03:58) | ===> btop++ v.1.4.0
2024/10/27 (14:03:58) | WARNING: NVML: Failed to get maximum GPU power draw, defaulting to 225W: Not Supported
2024/10/27 (14:03:58) | WARNING: NVML: Failed to get GPU power usage: Not Supported
2024/10/27 (14:03:58) | WARNING: Intel GPU: Failed to initialize PMU

2024/10/27 (16:47:12) | ===> btop++ v.1.4.0
2024/10/27 (16:47:12) | WARNING: NVML: Failed to get maximum GPU power draw, defaulting to 225W: Not Supported
2024/10/27 (16:47:12) | WARNING: NVML: Failed to get GPU power usage: Not Supported
2024/10/27 (16:47:12) | WARNING: Intel GPU: Failed to initialize PMU
2024/10/27 (18:36:19) | ERROR: Stall in Runner thread, restarting!
2024/10/27 (19:43:50) | ERROR: Stall in Runner thread, restarting!

2024/10/28 (11:50:06) | ===> btop++ v.1.4.0
2024/10/28 (11:50:06) | WARNING: NVML: Failed to get maximum GPU power draw, defaulting to 225W: Not Supported
2024/10/28 (11:50:06) | WARNING: NVML: Failed to get GPU power usage: Not Supported
2024/10/28 (11:50:06) | WARNING: Intel GPU: Failed to initialize PMU

2024/10/28 (12:49:05) | ===> btop++ v.1.4.0
2024/10/28 (12:49:05) | WARNING: NVML: Failed to get maximum GPU power draw, defaulting to 225W: Not Supported
2024/10/28 (12:49:05) | WARNING: NVML: Failed to get GPU power usage: Not Supported
2024/10/28 (12:49:05) | WARNING: Intel GPU: Failed to initialize PMU

2024/10/28 (12:49:14) | ===> btop++ v.1.4.0
2024/10/28 (12:49:14) | WARNING: NVML: Failed to get maximum GPU power draw, defaulting to 225W: Not Supported
2024/10/28 (12:49:14) | WARNING: NVML: Failed to get GPU power usage: Not Supported
2024/10/28 (12:49:14) | WARNING: Intel GPU: Failed to initialize PMU

2024/10/30 (15:25:44) | ===> btop++ v.1.4.0
2024/10/30 (15:25:44) | WARNING: NVML: Failed to get maximum GPU power draw, defaulting to 225W: Not Supported
2024/10/30 (15:25:44) | WARNING: NVML: Failed to get GPU power usage: Not Supported
2024/10/30 (15:25:44) | WARNING: Intel GPU: Failed to initialize PMU

2024/10/31 (11:49:04) | ===> btop++ v.1.4.0
2024/10/31 (11:49:04) | WARNING: NVML: Failed to get maximum GPU power draw, defaulting to 225W: Not Supported
2024/10/31 (11:49:04) | WARNING: NVML: Failed to get GPU power usage: Not Supported
2024/10/31 (11:49:04) | WARNING: Intel GPU: Failed to initialize PMU

2024/11/01 (12:47:14) | ===> btop++ v.1.4.0
2024/11/01 (12:47:14) | WARNING: NVML: Failed to get maximum GPU power draw, defaulting to 225W: Not Supported
2024/11/01 (12:47:14) | WARNING: NVML: Failed to get GPU power usage: Not Supported
2024/11/01 (12:47:14) | WARNING: Intel GPU: Failed to initialize PMU

2024/11/01 (12:47:20) | ===> btop++ v.1.4.0
2024/11/01 (12:47:20) | WARNING: NVML: Failed to get maximum GPU power draw, defaulting to 225W: Not Supported
2024/11/01 (12:47:20) | WARNING: NVML: Failed to get GPU power usage: Not Supported
2024/11/01 (12:47:20) | WARNING: Intel GPU: Failed to initialize PMU

2024/11/01 (13:38:17) | ===> btop++ v.1.4.0
2024/11/01 (13:38:17) | WARNING: NVML: Failed to get maximum GPU power draw, defaulting to 225W: Not Supported
2024/11/01 (13:38:17) | WARNING: NVML: Failed to get GPU power usage: Not Supported
2024/11/01 (13:38:17) | WARNING: Intel GPU: Failed to initialize PMU

2024/11/01 (16:17:33) | ===> btop++ v.1.4.0
2024/11/01 (16:17:33) | WARNING: NVML: Failed to get maximum GPU power draw, defaulting to 225W: Not Supported
2024/11/01 (16:17:33) | WARNING: NVML: Failed to get GPU power usage: Not Supported
2024/11/01 (16:17:33) | WARNING: Intel GPU: Failed to initialize PMU

2024/11/04 (15:50:43) | ===> btop++ v.1.4.0
2024/11/04 (15:50:43) | WARNING: Intel GPU: Failed to initialize PMU

2024/11/04 (17:59:18) | ===> btop++ v.1.4.0
2024/11/04 (17:59:18) | WARNING: NVML: Failed to get maximum GPU power draw, defaulting to 225W: Not Supported
2024/11/04 (17:59:18) | WARNING: NVML: Failed to get GPU power usage: Not Supported
2024/11/04 (17:59:18) | WARNING: Intel GPU: Failed to initialize PMU

2024/11/04 (17:59:24) | ===> btop++ v.1.4.0
2024/11/04 (17:59:24) | WARNING: NVML: Failed to get maximum GPU power draw, defaulting to 225W: Not Supported
2024/11/04 (17:59:24) | WARNING: NVML: Failed to get GPU power usage: Not Supported
2024/11/04 (17:59:24) | WARNING: Intel GPU: Failed to initialize PMU

2024/11/04 (18:02:30) | ===> btop++ v.1.4.0
2024/11/04 (18:02:30) | WARNING: NVML: Failed to get maximum GPU power draw, defaulting to 225W: Not Supported
2024/11/04 (18:02:30) | WARNING: NVML: Failed to get GPU power usage: Not Supported
2024/11/04 (18:02:30) | WARNING: Intel GPU: Failed to initialize PMU

2024/11/04 (18:42:05) | ===> btop++ v.1.4.0
2024/11/04 (18:42:05) | WARNING: NVML: Failed to get maximum GPU power draw, defaulting to 225W: Not Supported
2024/11/04 (18:42:05) | WARNING: NVML: Failed to get GPU power usage: Not Supported
2024/11/04 (18:42:05) | WARNING: Intel GPU: Failed to initialize PMU

2024/11/06 (14:16:45) | ===> btop++ v.1.4.0
2024/11/06 (14:16:45) | WARNING: NVML: Failed to get maximum GPU power draw, defaulting to 225W: Not Supported
2024/11/06 (14:16:45) | WARNING: NVML: Failed to get GPU power usage: Not Supported
2024/11/06 (14:16:45) | WARNING: Intel GPU: Failed to initialize PMU

2024/11/06 (18:06:21) | ===> btop++ v.1.4.0
2024/11/06 (18:06:21) | WARNING: NVML: Failed to get maximum GPU power draw, defaulting to 225W: Not Supported
2024/11/06 (18:06:21) | WARNING: NVML: Failed to get GPU power usage: Not Supported
2024/11/06 (18:06:22) | WARNING: Intel GPU: Failed to initialize PMU

2024/11/07 (09:45:58) | ===> btop++ v.1.4.0
2024/11/07 (09:45:58) | WARNING: NVML: Failed to get maximum GPU power draw, defaulting to 225W: Not Supported
2024/11/07 (09:45:58) | WARNING: NVML: Failed to get GPU power usage: Not Supported
2024/11/07 (09:45:58) | WARNING: Intel GPU: Failed to initialize PMU

2024/11/08 (10:12:31) | ===> btop++ v.1.4.0
2024/11/08 (10:12:31) | WARNING: NVML: Failed to get maximum GPU power draw, defaulting to 225W: Not Supported
2024/11/08 (10:12:31) | WARNING: NVML: Failed to get GPU power usage: Not Supported
2024/11/08 (10:12:31) | WARNING: Intel GPU: Failed to initialize PMU

2024/11/08 (11:01:52) | ===> btop++ v.1.4.0
2024/11/08 (11:01:52) | WARNING: NVML: Failed to get maximum GPU power draw, defaulting to 225W: Not Supported
2024/11/08 (11:01:52) | WARNING: NVML: Failed to get GPU power usage: Not Supported
2024/11/08 (11:01:52) | WARNING: Intel GPU: Failed to initialize PMU

2024/11/11 (09:28:10) | ===> btop++ v.1.4.0
2024/11/11 (09:28:10) | WARNING: NVML: Failed to get maximum GPU power draw, defaulting to 225W: Not Supported
2024/11/11 (09:28:10) | WARNING: NVML: Failed to get GPU power usage: Not Supported
2024/11/11 (09:28:10) | WARNING: Intel GPU: Failed to initialize PMU

2024/11/11 (10:11:37) | ===> btop++ v.1.4.0
2024/11/11 (10:11:37) | WARNING: NVML: Failed to get maximum GPU power draw, defaulting to 225W: Not Supported
2024/11/11 (10:11:37) | WARNING: NVML: Failed to get GPU power usage: Not Supported
2024/11/11 (10:11:37) | WARNING: Intel GPU: Failed to initialize PMU

2024/11/13 (10:57:39) | ===> btop++ v.1.4.0
2024/11/13 (10:57:39) | WARNING: NVML: Failed to get maximum GPU power draw, defaulting to 225W: Not Supported
2024/11/13 (10:57:39) | WARNING: NVML: Failed to get GPU power usage: Not Supported
2024/11/13 (10:57:39) | WARNING: Intel GPU: Failed to initialize PMU

2024/11/13 (12:21:47) | ===> btop++ v.1.4.0
2024/11/13 (12:21:47) | WARNING: NVML: Failed to get maximum GPU power draw, defaulting to 225W: Not Supported
2024/11/13 (12:21:47) | WARNING: NVML: Failed to get GPU power usage: Not Supported
2024/11/13 (12:21:47) | WARNING: Intel GPU: Failed to initialize PMU

2024/11/13 (13:22:06) | ===> btop++ v.1.4.0
2024/11/13 (13:22:06) | WARNING: NVML: Failed to get maximum GPU power draw, defaulting to 225W: Not Supported
2024/11/13 (13:22:06) | WARNING: NVML: Failed to get GPU power usage: Not Supported
2024/11/13 (13:22:06) | WARNING: Intel GPU: Failed to initialize PMU

2024/11/14 (10:20:02) | ===> btop++ v.1.4.0
2024/11/14 (10:20:02) | WARNING: NVML: Failed to get maximum GPU power draw, defaulting to 225W: Not Supported
2024/11/14 (10:20:02) | WARNING: NVML: Failed to get GPU power usage: Not Supported
2024/11/14 (10:20:02) | WARNING: Intel GPU: Failed to initialize PMU

2024/11/14 (10:20:12) | ===> btop++ v.1.4.0
2024/11/14 (10:20:12) | WARNING: NVML: Failed to get maximum GPU power draw, defaulting to 225W: Not Supported
2024/11/14 (10:20:12) | WARNING: NVML: Failed to get GPU power usage: Not Supported
2024/11/14 (10:20:12) | WARNING: Intel GPU: Failed to initialize PMU

2024/11/14 (10:27:03) | ===> btop++ v.1.4.0
2024/11/14 (10:27:03) | WARNING: NVML: Failed to get maximum GPU power draw, defaulting to 225W: Not Supported
2024/11/14 (10:27:03) | WARNING: NVML: Failed to get GPU power usage: Not Supported
2024/11/14 (10:27:03) | WARNING: Intel GPU: Failed to initialize PMU

2024/11/14 (10:30:17) | ===> btop++ v.1.4.0
2024/11/14 (10:30:17) | WARNING: NVML: Failed to get maximum GPU power draw, defaulting to 225W: Not Supported
2024/11/14 (10:30:17) | WARNING: NVML: Failed to get GPU power usage: Not Supported
2024/11/14 (10:30:17) | WARNING: Intel GPU: Failed to initialize PMU

2024/11/14 (12:56:43) | ===> btop++ v.1.4.0
2024/11/14 (12:56:43) | WARNING: NVML: Failed to get maximum GPU power draw, defaulting to 225W: Not Supported
2024/11/14 (12:56:43) | WARNING: NVML: Failed to get GPU power usage: Not Supported
2024/11/14 (12:56:43) | WARNING: Intel GPU: Failed to initialize PMU

2024/11/14 (13:19:17) | ===> btop++ v.1.4.0
2024/11/14 (13:19:17) | WARNING: NVML: Failed to get maximum GPU power draw, defaulting to 225W: Not Supported
2024/11/14 (13:19:17) | WARNING: NVML: Failed to get GPU power usage: Not Supported
2024/11/14 (13:19:17) | WARNING: Intel GPU: Failed to initialize PMU

2024/11/19 (12:44:04) | ===> btop++ v.1.4.0
2024/11/19 (12:44:04) | WARNING: NVML: Failed to get maximum GPU power draw, defaulting to 225W: Not Supported
2024/11/19 (12:44:04) | WARNING: NVML: Failed to get GPU power usage: Not Supported
2024/11/19 (12:44:04) | WARNING: Intel GPU: Failed to initialize PMU

2024/11/20 (19:32:13) | ===> btop++ v.1.4.0
2024/11/20 (19:32:13) | WARNING: NVML: Failed to get maximum GPU power draw, defaulting to 225W: Not Supported
2024/11/20 (19:32:13) | WARNING: NVML: Failed to get GPU power usage: Not Supported
2024/11/20 (19:32:13) | WARNING: Intel GPU: Failed to initialize PMU

2024/11/21 (10:28:49) | ===> btop++ v.1.4.0
2024/11/21 (10:28:49) | WARNING: NVML: Failed to get maximum GPU power draw, defaulting to 225W: Not Supported
2024/11/21 (10:28:49) | WARNING: NVML: Failed to get GPU power usage: Not Supported
2024/11/21 (10:28:49) | WARNING: Intel GPU: Failed to initialize PMU

2024/11/25 (14:56:39) | ===> btop++ v.1.4.0
2024/11/25 (14:56:39) | WARNING: NVML: Failed to get maximum GPU power draw, defaulting to 225W: Not Supported
2024/11/25 (14:56:39) | WARNING: NVML: Failed to get GPU power usage: Not Supported
2024/11/25 (14:56:39) | WARNING: Intel GPU: Failed to initialize PMU

2025/01/05 (03:18:05) | ===> btop++ v.1.4.0
2025/01/05 (03:18:05) | WARNING: NVML: Failed to get maximum GPU power draw, defaulting to 225W: Not Supported
2025/01/05 (03:18:05) | WARNING: NVML: Failed to get GPU power usage: Not Supported
2025/01/05 (03:18:05) | WARNING: Intel GPU: Failed to initialize PMU

2025/01/06 (15:57:50) | ===> btop++ v.1.4.0
2025/01/06 (15:57:50) | WARNING: NVML: Failed to get maximum GPU power draw, defaulting to 225W: Not Supported
2025/01/06 (15:57:50) | WARNING: NVML: Failed to get GPU power usage: Not Supported
2025/01/06 (15:57:50) | WARNING: Intel GPU: Failed to initialize PMU

2025/01/16 (11:08:32) | ===> btop++ v.1.4.0
2025/01/16 (11:08:32) | WARNING: NVML: Failed to get maximum GPU power draw, defaulting to 225W: Not Supported
2025/01/16 (11:08:32) | WARNING: NVML: Failed to get GPU power usage: Not Supported
2025/01/16 (11:08:32) | WARNING: Intel GPU: Failed to initialize PMU

2025/01/16 (13:20:22) | ===> btop++ v.1.4.0
2025/01/16 (13:20:22) | WARNING: NVML: Failed to get maximum GPU power draw, defaulting to 225W: Not Supported
2025/01/16 (13:20:22) | WARNING: NVML: Failed to get GPU power usage: Not Supported
2025/01/16 (13:20:22) | WARNING: Intel GPU: Failed to initialize PMU

2025/01/16 (13:20:27) | ===> btop++ v.1.4.0
2025/01/16 (13:20:27) | WARNING: NVML: Failed to get maximum GPU power draw, defaulting to 225W: Not Supported
2025/01/16 (13:20:27) | WARNING: NVML: Failed to get GPU power usage: Not Supported
2025/01/16 (13:20:27) | WARNING: Intel GPU: Failed to initialize PMU

2025/01/16 (15:13:47) | ===> btop++ v.1.4.0
2025/01/16 (15:13:47) | WARNING: NVML: Failed to get maximum GPU power draw, defaulting to 225W: Not Supported
2025/01/16 (15:13:47) | WARNING: NVML: Failed to get GPU power usage: Not Supported
2025/01/16 (15:13:47) | WARNING: Intel GPU: Failed to initialize PMU

2025/01/20 (14:21:18) | ===> btop++ v.1.4.0
2025/01/20 (14:21:18) | WARNING: NVML: Failed to get maximum GPU power draw, defaulting to 225W: Not Supported
2025/01/20 (14:21:18) | WARNING: NVML: Failed to get GPU power usage: Not Supported
2025/01/20 (14:21:18) | WARNING: Intel GPU: Failed to initialize PMU

2025/01/20 (14:28:41) | ===> btop++ v.1.4.0
2025/01/20 (14:28:41) | WARNING: NVML: Failed to get maximum GPU power draw, defaulting to 225W: Not Supported
2025/01/20 (14:28:41) | WARNING: NVML: Failed to get GPU power usage: Not Supported
2025/01/20 (14:28:41) | WARNING: Intel GPU: Failed to initialize PMU

2025/01/21 (12:02:53) | ===> btop++ v.1.4.0
2025/01/21 (12:02:53) | WARNING: NVML: Failed to get maximum GPU power draw, defaulting to 225W: Not Supported
2025/01/21 (12:02:53) | WARNING: NVML: Failed to get GPU power usage: Not Supported
2025/01/21 (12:02:53) | WARNING: Intel GPU: Failed to initialize PMU

2025/01/21 (15:21:12) | ===> btop++ v.1.4.0
2025/01/21 (15:21:12) | WARNING: NVML: Failed to get maximum GPU power draw, defaulting to 225W: Not Supported
2025/01/21 (15:21:12) | WARNING: NVML: Failed to get GPU power usage: Not Supported
2025/01/21 (15:21:12) | WARNING: Intel GPU: Failed to initialize PMU
2025/01/21 (17:58:40) | ERROR: Stall in Runner thread, restarting!

2025/01/21 (18:05:10) | ===> btop++ v.1.4.0
2025/01/21 (18:05:10) | WARNING: NVML: Failed to get maximum GPU power draw, defaulting to 225W: Not Supported
2025/01/21 (18:05:10) | WARNING: NVML: Failed to get GPU power usage: Not Supported
2025/01/21 (18:05:10) | WARNING: Intel GPU: Failed to initialize PMU

2025/01/21 (18:10:23) | ===> btop++ v.1.4.0
2025/01/21 (18:10:23) | WARNING: NVML: Failed to get maximum GPU power draw, defaulting to 225W: Not Supported
2025/01/21 (18:10:23) | WARNING: NVML: Failed to get GPU power usage: Not Supported
2025/01/21 (18:10:23) | WARNING: Intel GPU: Failed to initialize PMU
2025/01/21 (18:16:57) | ERROR: Stall in Runner thread, restarting!

2025/01/26 (02:00:25) | ===> btop++ v.1.4.0
2025/01/26 (02:00:25) | WARNING: NVML: Failed to get maximum GPU power draw, defaulting to 225W: Not Supported
2025/01/26 (02:00:25) | WARNING: NVML: Failed to get GPU power usage: Not Supported
2025/01/26 (02:00:25) | WARNING: Intel GPU: Failed to initialize PMU

2025/01/28 (10:47:39) | ===> btop++ v.1.4.0
2025/01/28 (10:47:39) | WARNING: NVML: Failed to get maximum GPU power draw, defaulting to 225W: Not Supported
2025/01/28 (10:47:39) | WARNING: NVML: Failed to get GPU power usage: Not Supported
2025/01/28 (10:47:39) | WARNING: Intel GPU: Failed to initialize PMU

2025/02/13 (15:55:21) | ===> btop++ v.1.4.0
2025/02/13 (15:55:21) | WARNING: NVML: Failed to get maximum GPU power draw, defaulting to 225W: Not Supported
2025/02/13 (15:55:21) | WARNING: NVML: Failed to get GPU power usage: Not Supported
2025/02/13 (15:55:21) | WARNING: Intel GPU: Failed to initialize PMU
